<?xml version="1.0" encoding="UTF-8"?>
<testng-results skipped="0" failed="0" total="1" passed="1">
  <reporter-output>
  </reporter-output>
  <suite name="YatraSuite" duration-ms="33834" started-at="2016-09-01T08:13:37Z" finished-at="2016-09-01T08:14:11Z">
    <groups>
    </groups>
    <test name="YatraTest" duration-ms="33834" started-at="2016-09-01T08:13:37Z" finished-at="2016-09-01T08:14:11Z">
      <class name="com.selenium.gspann.yatraTest.YatraTestEx">
        <test-method status="PASS" signature="t1()[pri:0, instance:com.selenium.gspann.yatraTest.YatraTestEx@3aa81019]" name="t1" duration-ms="33797" started-at="2016-09-01T13:43:37Z" finished-at="2016-09-01T13:44:11Z">
          <reporter-output>
          </reporter-output>
        </test-method> <!-- t1 -->
      </class> <!-- com.selenium.gspann.yatraTest.YatraTestEx -->
    </test> <!-- YatraTest -->
  </suite> <!-- YatraSuite -->
</testng-results>
